{
    "/Users/eli/nodework/fullstacktypescript/client/src/actionTypes/userActionTypes.tsx": {
        "path": "/Users/eli/nodework/fullstacktypescript/client/src/actionTypes/userActionTypes.tsx",
        "statementMap": {
            "0": {
                "start": { "line": 1, "column": 13 },
                "end": { "line": 1, "column": 43 }
            },
            "1": {
                "start": { "line": 2, "column": 13 },
                "end": { "line": 2, "column": 49 }
            },
            "2": {
                "start": { "line": 3, "column": 13 },
                "end": { "line": 3, "column": 49 }
            },
            "3": {
                "start": { "line": 5, "column": 13 },
                "end": { "line": 5, "column": 65 }
            },
            "4": {
                "start": { "line": 6, "column": 13 },
                "end": { "line": 6, "column": 71 }
            },
            "5": {
                "start": { "line": 7, "column": 13 },
                "end": { "line": 7, "column": 71 }
            },
            "6": {
                "start": { "line": 9, "column": 13 },
                "end": { "line": 9, "column": 51 }
            },
            "7": {
                "start": { "line": 10, "column": 13 },
                "end": { "line": 10, "column": 57 }
            },
            "8": {
                "start": { "line": 11, "column": 13 },
                "end": { "line": 11, "column": 57 }
            },
            "9": {
                "start": { "line": 13, "column": 13 },
                "end": { "line": 13, "column": 51 }
            },
            "10": {
                "start": { "line": 14, "column": 13 },
                "end": { "line": 14, "column": 57 }
            },
            "11": {
                "start": { "line": 15, "column": 13 },
                "end": { "line": 15, "column": 57 }
            },
            "12": {
                "start": { "line": 17, "column": 13 },
                "end": { "line": 17, "column": 55 }
            },
            "13": {
                "start": { "line": 18, "column": 13 },
                "end": { "line": 18, "column": 61 }
            },
            "14": {
                "start": { "line": 19, "column": 13 },
                "end": { "line": 19, "column": 61 }
            },
            "15": {
                "start": { "line": 21, "column": 13 },
                "end": { "line": 21, "column": 79 }
            },
            "16": {
                "start": { "line": 22, "column": 13 },
                "end": { "line": 22, "column": 85 }
            },
            "17": {
                "start": { "line": 23, "column": 13 },
                "end": { "line": 23, "column": 85 }
            },
            "18": {
                "start": { "line": 25, "column": 13 },
                "end": { "line": 25, "column": 51 }
            },
            "19": {
                "start": { "line": 26, "column": 13 },
                "end": { "line": 26, "column": 67 }
            },
            "20": {
                "start": { "line": 27, "column": 13 },
                "end": { "line": 27, "column": 67 }
            },
            "21": {
                "start": { "line": 29, "column": 13 },
                "end": { "line": 29, "column": 43 }
            },
            "22": {
                "start": { "line": 30, "column": 13 },
                "end": { "line": 30, "column": 49 }
            },
            "23": {
                "start": { "line": 31, "column": 13 },
                "end": { "line": 31, "column": 49 }
            },
            "24": {
                "start": { "line": 33, "column": 13 },
                "end": { "line": 33, "column": 41 }
            },
            "25": {
                "start": { "line": 34, "column": 13 },
                "end": { "line": 34, "column": 47 }
            },
            "26": {
                "start": { "line": 35, "column": 13 },
                "end": { "line": 35, "column": 47 }
            },
            "27": {
                "start": { "line": 37, "column": 13 },
                "end": { "line": 37, "column": 51 }
            },
            "28": {
                "start": { "line": 39, "column": 13 },
                "end": { "line": 39, "column": 35 }
            },
            "29": {
                "start": { "line": 40, "column": 13 },
                "end": { "line": 40, "column": 51 }
            },
            "30": {
                "start": { "line": 41, "column": 13 },
                "end": { "line": 41, "column": 51 }
            },
            "31": {
                "start": { "line": 43, "column": 13 },
                "end": { "line": 43, "column": 51 }
            },
            "32": {
                "start": { "line": 44, "column": 13 },
                "end": { "line": 44, "column": 67 }
            },
            "33": {
                "start": { "line": 45, "column": 13 },
                "end": { "line": 45, "column": 67 }
            },
            "34": {
                "start": { "line": 47, "column": 13 },
                "end": { "line": 47, "column": 57 }
            },
            "35": {
                "start": { "line": 48, "column": 13 },
                "end": { "line": 48, "column": 73 }
            },
            "36": {
                "start": { "line": 49, "column": 13 },
                "end": { "line": 49, "column": 73 }
            },
            "37": {
                "start": { "line": 51, "column": 13 },
                "end": { "line": 51, "column": 43 }
            },
            "38": {
                "start": { "line": 52, "column": 13 },
                "end": { "line": 52, "column": 37 }
            },
            "39": {
                "start": { "line": 53, "column": 13 },
                "end": { "line": 53, "column": 43 }
            },
            "40": {
                "start": { "line": 54, "column": 13 },
                "end": { "line": 54, "column": 53 }
            },
            "41": {
                "start": { "line": 55, "column": 13 },
                "end": { "line": 55, "column": 39 }
            },
            "42": {
                "start": { "line": 57, "column": 13 },
                "end": { "line": 57, "column": 63 }
            },
            "43": {
                "start": { "line": 58, "column": 13 },
                "end": { "line": 58, "column": 69 }
            },
            "44": {
                "start": { "line": 59, "column": 13 },
                "end": { "line": 59, "column": 69 }
            },
            "45": {
                "start": { "line": 61, "column": 13 },
                "end": { "line": 61, "column": 53 }
            },
            "46": {
                "start": { "line": 62, "column": 13 },
                "end": { "line": 62, "column": 59 }
            },
            "47": {
                "start": { "line": 63, "column": 13 },
                "end": { "line": 63, "column": 59 }
            },
            "48": {
                "start": { "line": 65, "column": 13 },
                "end": { "line": 65, "column": 35 }
            }
        },
        "fnMap": {},
        "branchMap": {},
        "s": {
            "0": 1,
            "1": 1,
            "2": 1,
            "3": 1,
            "4": 1,
            "5": 1,
            "6": 1,
            "7": 1,
            "8": 1,
            "9": 1,
            "10": 1,
            "11": 1,
            "12": 1,
            "13": 1,
            "14": 1,
            "15": 1,
            "16": 1,
            "17": 1,
            "18": 1,
            "19": 1,
            "20": 1,
            "21": 1,
            "22": 1,
            "23": 1,
            "24": 1,
            "25": 1,
            "26": 1,
            "27": 1,
            "28": 1,
            "29": 1,
            "30": 1,
            "31": 1,
            "32": 1,
            "33": 1,
            "34": 1,
            "35": 1,
            "36": 1,
            "37": 1,
            "38": 1,
            "39": 1,
            "40": 1,
            "41": 1,
            "42": 1,
            "43": 1,
            "44": 1,
            "45": 1,
            "46": 1,
            "47": 1,
            "48": 1
        },
        "f": {},
        "b": {}
    },
    "/Users/eli/nodework/fullstacktypescript/client/src/actions/userActions.tsx": {
        "path": "/Users/eli/nodework/fullstacktypescript/client/src/actions/userActions.tsx",
        "statementMap": {
            "0": {
                "start": { "line": 1, "column": 0 },
                "end": { "line": 1, "column": 56 }
            },
            "1": {
                "start": { "line": 3, "column": 13 },
                "end": { "line": 6, "column": 3 }
            },
            "2": {
                "start": { "line": 3, "column": 58 },
                "end": { "line": 6, "column": 3 }
            },
            "3": {
                "start": { "line": 8, "column": 13 },
                "end": { "line": 11, "column": 3 }
            },
            "4": {
                "start": { "line": 8, "column": 61 },
                "end": { "line": 11, "column": 3 }
            },
            "5": {
                "start": { "line": 13, "column": 13 },
                "end": { "line": 16, "column": 3 }
            },
            "6": {
                "start": { "line": 13, "column": 59 },
                "end": { "line": 16, "column": 3 }
            },
            "7": {
                "start": { "line": 18, "column": 13 },
                "end": { "line": 20, "column": 3 }
            },
            "8": {
                "start": { "line": 18, "column": 29 },
                "end": { "line": 20, "column": 3 }
            },
            "9": {
                "start": { "line": 22, "column": 13 },
                "end": { "line": 24, "column": 3 }
            },
            "10": {
                "start": { "line": 22, "column": 49 },
                "end": { "line": 24, "column": 3 }
            },
            "11": {
                "start": { "line": 26, "column": 13 },
                "end": { "line": 29, "column": 3 }
            },
            "12": {
                "start": { "line": 26, "column": 67 },
                "end": { "line": 29, "column": 3 }
            },
            "13": {
                "start": { "line": 31, "column": 13 },
                "end": { "line": 34, "column": 3 }
            },
            "14": {
                "start": { "line": 31, "column": 65 },
                "end": { "line": 34, "column": 3 }
            },
            "15": {
                "start": { "line": 36, "column": 13 },
                "end": { "line": 40, "column": 3 }
            },
            "16": {
                "start": { "line": 36, "column": 64 },
                "end": { "line": 40, "column": 3 }
            },
            "17": {
                "start": { "line": 42, "column": 13 },
                "end": { "line": 46, "column": 3 }
            },
            "18": {
                "start": { "line": 42, "column": 64 },
                "end": { "line": 46, "column": 3 }
            },
            "19": {
                "start": { "line": 48, "column": 13 },
                "end": { "line": 51, "column": 3 }
            },
            "20": {
                "start": { "line": 48, "column": 48 },
                "end": { "line": 51, "column": 3 }
            },
            "21": {
                "start": { "line": 53, "column": 13 },
                "end": { "line": 55, "column": 3 }
            },
            "22": {
                "start": { "line": 53, "column": 39 },
                "end": { "line": 55, "column": 3 }
            },
            "23": {
                "start": { "line": 57, "column": 13 },
                "end": { "line": 60, "column": 3 }
            },
            "24": {
                "start": { "line": 57, "column": 57 },
                "end": { "line": 60, "column": 3 }
            },
            "25": {
                "start": { "line": 62, "column": 13 },
                "end": { "line": 65, "column": 3 }
            },
            "26": {
                "start": { "line": 62, "column": 55 },
                "end": { "line": 65, "column": 3 }
            },
            "27": {
                "start": { "line": 67, "column": 13 },
                "end": { "line": 70, "column": 3 }
            },
            "28": {
                "start": { "line": 67, "column": 47 },
                "end": { "line": 70, "column": 3 }
            },
            "29": {
                "start": { "line": 72, "column": 13 },
                "end": { "line": 75, "column": 3 }
            },
            "30": {
                "start": { "line": 72, "column": 50 },
                "end": { "line": 75, "column": 3 }
            },
            "31": {
                "start": { "line": 77, "column": 13 },
                "end": { "line": 80, "column": 3 }
            },
            "32": {
                "start": { "line": 77, "column": 48 },
                "end": { "line": 80, "column": 3 }
            },
            "33": {
                "start": { "line": 82, "column": 13 },
                "end": { "line": 86, "column": 3 }
            },
            "34": {
                "start": { "line": 82, "column": 63 },
                "end": { "line": 86, "column": 3 }
            },
            "35": {
                "start": { "line": 88, "column": 13 },
                "end": { "line": 91, "column": 3 }
            },
            "36": {
                "start": { "line": 88, "column": 49 },
                "end": { "line": 91, "column": 3 }
            },
            "37": {
                "start": { "line": 93, "column": 13 },
                "end": { "line": 96, "column": 3 }
            },
            "38": {
                "start": { "line": 93, "column": 47 },
                "end": { "line": 96, "column": 3 }
            },
            "39": {
                "start": { "line": 98, "column": 13 },
                "end": { "line": 100, "column": 3 }
            },
            "40": {
                "start": { "line": 98, "column": 29 },
                "end": { "line": 100, "column": 3 }
            },
            "41": {
                "start": { "line": 102, "column": 13 },
                "end": { "line": 105, "column": 3 }
            },
            "42": {
                "start": { "line": 102, "column": 51 },
                "end": { "line": 105, "column": 3 }
            },
            "43": {
                "start": { "line": 107, "column": 13 },
                "end": { "line": 110, "column": 3 }
            },
            "44": {
                "start": { "line": 107, "column": 49 },
                "end": { "line": 110, "column": 3 }
            },
            "45": {
                "start": { "line": 112, "column": 13 },
                "end": { "line": 114, "column": 3 }
            },
            "46": {
                "start": { "line": 112, "column": 36 },
                "end": { "line": 114, "column": 3 }
            },
            "47": {
                "start": { "line": 116, "column": 13 },
                "end": { "line": 119, "column": 3 }
            },
            "48": {
                "start": { "line": 116, "column": 58 },
                "end": { "line": 119, "column": 3 }
            },
            "49": {
                "start": { "line": 121, "column": 13 },
                "end": { "line": 124, "column": 3 }
            },
            "50": {
                "start": { "line": 121, "column": 56 },
                "end": { "line": 124, "column": 3 }
            },
            "51": {
                "start": { "line": 126, "column": 13 },
                "end": { "line": 129, "column": 3 }
            },
            "52": {
                "start": { "line": 126, "column": 54 },
                "end": { "line": 129, "column": 3 }
            },
            "53": {
                "start": { "line": 131, "column": 13 },
                "end": { "line": 134, "column": 3 }
            },
            "54": {
                "start": { "line": 131, "column": 61 },
                "end": { "line": 134, "column": 3 }
            },
            "55": {
                "start": { "line": 136, "column": 13 },
                "end": { "line": 139, "column": 3 }
            },
            "56": {
                "start": { "line": 136, "column": 59 },
                "end": { "line": 139, "column": 3 }
            },
            "57": {
                "start": { "line": 141, "column": 13 },
                "end": { "line": 144, "column": 3 }
            },
            "58": {
                "start": { "line": 141, "column": 45 },
                "end": { "line": 144, "column": 3 }
            },
            "59": {
                "start": { "line": 146, "column": 13 },
                "end": { "line": 149, "column": 3 }
            },
            "60": {
                "start": { "line": 146, "column": 42 },
                "end": { "line": 149, "column": 3 }
            },
            "61": {
                "start": { "line": 151, "column": 13 },
                "end": { "line": 154, "column": 3 }
            },
            "62": {
                "start": { "line": 151, "column": 49 },
                "end": { "line": 154, "column": 3 }
            },
            "63": {
                "start": { "line": 156, "column": 13 },
                "end": { "line": 159, "column": 3 }
            },
            "64": {
                "start": { "line": 156, "column": 45 },
                "end": { "line": 159, "column": 3 }
            },
            "65": {
                "start": { "line": 161, "column": 13 },
                "end": { "line": 163, "column": 3 }
            },
            "66": {
                "start": { "line": 161, "column": 31 },
                "end": { "line": 163, "column": 3 }
            },
            "67": {
                "start": { "line": 165, "column": 13 },
                "end": { "line": 168, "column": 3 }
            },
            "68": {
                "start": { "line": 165, "column": 48 },
                "end": { "line": 168, "column": 3 }
            },
            "69": {
                "start": { "line": 170, "column": 13 },
                "end": { "line": 173, "column": 3 }
            },
            "70": {
                "start": { "line": 170, "column": 51 },
                "end": { "line": 173, "column": 3 }
            },
            "71": {
                "start": { "line": 175, "column": 13 },
                "end": { "line": 178, "column": 3 }
            },
            "72": {
                "start": { "line": 175, "column": 50 },
                "end": { "line": 178, "column": 3 }
            },
            "73": {
                "start": { "line": 180, "column": 13 },
                "end": { "line": 184, "column": 3 }
            },
            "74": {
                "start": { "line": 180, "column": 60 },
                "end": { "line": 184, "column": 3 }
            },
            "75": {
                "start": { "line": 186, "column": 13 },
                "end": { "line": 190, "column": 3 }
            },
            "76": {
                "start": { "line": 186, "column": 66 },
                "end": { "line": 190, "column": 3 }
            },
            "77": {
                "start": { "line": 192, "column": 13 },
                "end": { "line": 195, "column": 3 }
            },
            "78": {
                "start": { "line": 192, "column": 50 },
                "end": { "line": 195, "column": 3 }
            },
            "79": {
                "start": { "line": 197, "column": 13 },
                "end": { "line": 201, "column": 3 }
            },
            "80": {
                "start": { "line": 197, "column": 62 },
                "end": { "line": 201, "column": 3 }
            },
            "81": {
                "start": { "line": 203, "column": 13 },
                "end": { "line": 207, "column": 3 }
            },
            "82": {
                "start": { "line": 203, "column": 68 },
                "end": { "line": 207, "column": 3 }
            },
            "83": {
                "start": { "line": 209, "column": 13 },
                "end": { "line": 212, "column": 3 }
            },
            "84": {
                "start": { "line": 209, "column": 52 },
                "end": { "line": 212, "column": 3 }
            },
            "85": {
                "start": { "line": 214, "column": 13 },
                "end": { "line": 217, "column": 3 }
            },
            "86": {
                "start": { "line": 214, "column": 57 },
                "end": { "line": 217, "column": 3 }
            },
            "87": {
                "start": { "line": 219, "column": 13 },
                "end": { "line": 222, "column": 3 }
            },
            "88": {
                "start": { "line": 219, "column": 60 },
                "end": { "line": 222, "column": 3 }
            },
            "89": {
                "start": { "line": 224, "column": 13 },
                "end": { "line": 227, "column": 3 }
            },
            "90": {
                "start": { "line": 224, "column": 56 },
                "end": { "line": 227, "column": 3 }
            },
            "91": {
                "start": { "line": 229, "column": 13 },
                "end": { "line": 232, "column": 3 }
            },
            "92": {
                "start": { "line": 229, "column": 51 },
                "end": { "line": 232, "column": 3 }
            },
            "93": {
                "start": { "line": 234, "column": 13 },
                "end": { "line": 238, "column": 3 }
            },
            "94": {
                "start": { "line": 234, "column": 66 },
                "end": { "line": 238, "column": 3 }
            },
            "95": {
                "start": { "line": 240, "column": 13 },
                "end": { "line": 243, "column": 3 }
            },
            "96": {
                "start": { "line": 240, "column": 50 },
                "end": { "line": 243, "column": 3 }
            }
        },
        "fnMap": {
            "0": {
                "name": "(anonymous_6)",
                "decl": {
                    "start": { "line": 3, "column": 37 },
                    "end": { "line": 3, "column": 38 }
                },
                "loc": {
                    "start": { "line": 3, "column": 53 },
                    "end": { "line": 3, "column": 59 }
                }
            },
            "1": {
                "name": "(anonymous_7)",
                "decl": {
                    "start": { "line": 8, "column": 40 },
                    "end": { "line": 8, "column": 41 }
                },
                "loc": {
                    "start": { "line": 8, "column": 56 },
                    "end": { "line": 8, "column": 62 }
                }
            },
            "2": {
                "name": "(anonymous_8)",
                "decl": {
                    "start": { "line": 13, "column": 40 },
                    "end": { "line": 13, "column": 41 }
                },
                "loc": {
                    "start": { "line": 13, "column": 54 },
                    "end": { "line": 13, "column": 60 }
                }
            },
            "3": {
                "name": "(anonymous_9)",
                "decl": {
                    "start": { "line": 18, "column": 23 },
                    "end": { "line": 18, "column": 29 }
                },
                "loc": {
                    "start": { "line": 18, "column": 23 },
                    "end": { "line": 18, "column": 30 }
                }
            },
            "4": {
                "name": "(anonymous_10)",
                "decl": {
                    "start": { "line": 22, "column": 43 },
                    "end": { "line": 22, "column": 49 }
                },
                "loc": {
                    "start": { "line": 22, "column": 43 },
                    "end": { "line": 22, "column": 50 }
                }
            },
            "5": {
                "name": "(anonymous_11)",
                "decl": {
                    "start": { "line": 26, "column": 46 },
                    "end": { "line": 26, "column": 47 }
                },
                "loc": {
                    "start": { "line": 26, "column": 62 },
                    "end": { "line": 26, "column": 68 }
                }
            },
            "6": {
                "name": "(anonymous_12)",
                "decl": {
                    "start": { "line": 31, "column": 46 },
                    "end": { "line": 31, "column": 47 }
                },
                "loc": {
                    "start": { "line": 31, "column": 60 },
                    "end": { "line": 31, "column": 66 }
                }
            },
            "7": {
                "name": "(anonymous_13)",
                "decl": {
                    "start": { "line": 36, "column": 26 },
                    "end": { "line": 36, "column": 27 }
                },
                "loc": {
                    "start": { "line": 36, "column": 59 },
                    "end": { "line": 36, "column": 65 }
                }
            },
            "8": {
                "name": "(anonymous_14)",
                "decl": {
                    "start": { "line": 42, "column": 29 },
                    "end": { "line": 42, "column": 30 }
                },
                "loc": {
                    "start": { "line": 42, "column": 59 },
                    "end": { "line": 42, "column": 65 }
                }
            },
            "9": {
                "name": "(anonymous_15)",
                "decl": {
                    "start": { "line": 48, "column": 29 },
                    "end": { "line": 48, "column": 30 }
                },
                "loc": {
                    "start": { "line": 48, "column": 43 },
                    "end": { "line": 48, "column": 49 }
                }
            },
            "10": {
                "name": "(anonymous_16)",
                "decl": {
                    "start": { "line": 53, "column": 33 },
                    "end": { "line": 53, "column": 39 }
                },
                "loc": {
                    "start": { "line": 53, "column": 33 },
                    "end": { "line": 53, "column": 40 }
                }
            },
            "11": {
                "name": "(anonymous_17)",
                "decl": {
                    "start": { "line": 57, "column": 36 },
                    "end": { "line": 57, "column": 37 }
                },
                "loc": {
                    "start": { "line": 57, "column": 52 },
                    "end": { "line": 57, "column": 58 }
                }
            },
            "12": {
                "name": "(anonymous_18)",
                "decl": {
                    "start": { "line": 62, "column": 36 },
                    "end": { "line": 62, "column": 37 }
                },
                "loc": {
                    "start": { "line": 62, "column": 50 },
                    "end": { "line": 62, "column": 56 }
                }
            },
            "13": {
                "name": "(anonymous_19)",
                "decl": {
                    "start": { "line": 67, "column": 26 },
                    "end": { "line": 67, "column": 27 }
                },
                "loc": {
                    "start": { "line": 67, "column": 42 },
                    "end": { "line": 67, "column": 48 }
                }
            },
            "14": {
                "name": "(anonymous_20)",
                "decl": {
                    "start": { "line": 72, "column": 29 },
                    "end": { "line": 72, "column": 30 }
                },
                "loc": {
                    "start": { "line": 72, "column": 45 },
                    "end": { "line": 72, "column": 51 }
                }
            },
            "15": {
                "name": "(anonymous_21)",
                "decl": {
                    "start": { "line": 77, "column": 29 },
                    "end": { "line": 77, "column": 30 }
                },
                "loc": {
                    "start": { "line": 77, "column": 43 },
                    "end": { "line": 77, "column": 49 }
                }
            },
            "16": {
                "name": "(anonymous_22)",
                "decl": {
                    "start": { "line": 82, "column": 25 },
                    "end": { "line": 82, "column": 26 }
                },
                "loc": {
                    "start": { "line": 82, "column": 58 },
                    "end": { "line": 82, "column": 64 }
                }
            },
            "17": {
                "name": "(anonymous_23)",
                "decl": {
                    "start": { "line": 88, "column": 28 },
                    "end": { "line": 88, "column": 29 }
                },
                "loc": {
                    "start": { "line": 88, "column": 44 },
                    "end": { "line": 88, "column": 50 }
                }
            },
            "18": {
                "name": "(anonymous_24)",
                "decl": {
                    "start": { "line": 93, "column": 28 },
                    "end": { "line": 93, "column": 29 }
                },
                "loc": {
                    "start": { "line": 93, "column": 42 },
                    "end": { "line": 93, "column": 48 }
                }
            },
            "19": {
                "name": "(anonymous_25)",
                "decl": {
                    "start": { "line": 98, "column": 23 },
                    "end": { "line": 98, "column": 29 }
                },
                "loc": {
                    "start": { "line": 98, "column": 23 },
                    "end": { "line": 98, "column": 30 }
                }
            },
            "20": {
                "name": "(anonymous_26)",
                "decl": {
                    "start": { "line": 102, "column": 30 },
                    "end": { "line": 102, "column": 31 }
                },
                "loc": {
                    "start": { "line": 102, "column": 46 },
                    "end": { "line": 102, "column": 52 }
                }
            },
            "21": {
                "name": "(anonymous_27)",
                "decl": {
                    "start": { "line": 107, "column": 30 },
                    "end": { "line": 107, "column": 31 }
                },
                "loc": {
                    "start": { "line": 107, "column": 44 },
                    "end": { "line": 107, "column": 50 }
                }
            },
            "22": {
                "name": "(anonymous_28)",
                "decl": {
                    "start": { "line": 112, "column": 30 },
                    "end": { "line": 112, "column": 36 }
                },
                "loc": {
                    "start": { "line": 112, "column": 30 },
                    "end": { "line": 112, "column": 37 }
                }
            },
            "23": {
                "name": "(anonymous_29)",
                "decl": {
                    "start": { "line": 116, "column": 37 },
                    "end": { "line": 116, "column": 38 }
                },
                "loc": {
                    "start": { "line": 116, "column": 53 },
                    "end": { "line": 116, "column": 59 }
                }
            },
            "24": {
                "name": "(anonymous_30)",
                "decl": {
                    "start": { "line": 121, "column": 37 },
                    "end": { "line": 121, "column": 38 }
                },
                "loc": {
                    "start": { "line": 121, "column": 51 },
                    "end": { "line": 121, "column": 57 }
                }
            },
            "25": {
                "name": "(anonymous_31)",
                "decl": {
                    "start": { "line": 126, "column": 33 },
                    "end": { "line": 126, "column": 34 }
                },
                "loc": {
                    "start": { "line": 126, "column": 49 },
                    "end": { "line": 126, "column": 55 }
                }
            },
            "26": {
                "name": "(anonymous_32)",
                "decl": {
                    "start": { "line": 131, "column": 40 },
                    "end": { "line": 131, "column": 41 }
                },
                "loc": {
                    "start": { "line": 131, "column": 56 },
                    "end": { "line": 131, "column": 62 }
                }
            },
            "27": {
                "name": "(anonymous_33)",
                "decl": {
                    "start": { "line": 136, "column": 40 },
                    "end": { "line": 136, "column": 41 }
                },
                "loc": {
                    "start": { "line": 136, "column": 54 },
                    "end": { "line": 136, "column": 60 }
                }
            },
            "28": {
                "name": "(anonymous_34)",
                "decl": {
                    "start": { "line": 141, "column": 27 },
                    "end": { "line": 141, "column": 28 }
                },
                "loc": {
                    "start": { "line": 141, "column": 40 },
                    "end": { "line": 141, "column": 46 }
                }
            },
            "29": {
                "name": "(anonymous_35)",
                "decl": {
                    "start": { "line": 146, "column": 24 },
                    "end": { "line": 146, "column": 25 }
                },
                "loc": {
                    "start": { "line": 146, "column": 37 },
                    "end": { "line": 146, "column": 43 }
                }
            },
            "30": {
                "name": "(anonymous_36)",
                "decl": {
                    "start": { "line": 151, "column": 31 },
                    "end": { "line": 151, "column": 32 }
                },
                "loc": {
                    "start": { "line": 151, "column": 44 },
                    "end": { "line": 151, "column": 50 }
                }
            },
            "31": {
                "name": "(anonymous_37)",
                "decl": {
                    "start": { "line": 156, "column": 27 },
                    "end": { "line": 156, "column": 28 }
                },
                "loc": {
                    "start": { "line": 156, "column": 40 },
                    "end": { "line": 156, "column": 46 }
                }
            },
            "32": {
                "name": "(anonymous_38)",
                "decl": {
                    "start": { "line": 161, "column": 25 },
                    "end": { "line": 161, "column": 31 }
                },
                "loc": {
                    "start": { "line": 161, "column": 25 },
                    "end": { "line": 161, "column": 32 }
                }
            },
            "33": {
                "name": "(anonymous_39)",
                "decl": {
                    "start": { "line": 165, "column": 30 },
                    "end": { "line": 165, "column": 31 }
                },
                "loc": {
                    "start": { "line": 165, "column": 43 },
                    "end": { "line": 165, "column": 49 }
                }
            },
            "34": {
                "name": "(anonymous_40)",
                "decl": {
                    "start": { "line": 170, "column": 33 },
                    "end": { "line": 170, "column": 34 }
                },
                "loc": {
                    "start": { "line": 170, "column": 46 },
                    "end": { "line": 170, "column": 52 }
                }
            },
            "35": {
                "name": "(anonymous_41)",
                "decl": {
                    "start": { "line": 175, "column": 33 },
                    "end": { "line": 175, "column": 34 }
                },
                "loc": {
                    "start": { "line": 175, "column": 45 },
                    "end": { "line": 175, "column": 51 }
                }
            },
            "36": {
                "name": "(anonymous_42)",
                "decl": {
                    "start": { "line": 180, "column": 30 },
                    "end": { "line": 180, "column": 31 }
                },
                "loc": {
                    "start": { "line": 180, "column": 55 },
                    "end": { "line": 180, "column": 61 }
                }
            },
            "37": {
                "name": "(anonymous_43)",
                "decl": {
                    "start": { "line": 186, "column": 33 },
                    "end": { "line": 186, "column": 34 }
                },
                "loc": {
                    "start": { "line": 186, "column": 61 },
                    "end": { "line": 186, "column": 67 }
                }
            },
            "38": {
                "name": "(anonymous_44)",
                "decl": {
                    "start": { "line": 192, "column": 33 },
                    "end": { "line": 192, "column": 34 }
                },
                "loc": {
                    "start": { "line": 192, "column": 45 },
                    "end": { "line": 192, "column": 51 }
                }
            },
            "39": {
                "name": "(anonymous_45)",
                "decl": {
                    "start": { "line": 197, "column": 32 },
                    "end": { "line": 197, "column": 33 }
                },
                "loc": {
                    "start": { "line": 197, "column": 57 },
                    "end": { "line": 197, "column": 63 }
                }
            },
            "40": {
                "name": "(anonymous_46)",
                "decl": {
                    "start": { "line": 203, "column": 35 },
                    "end": { "line": 203, "column": 36 }
                },
                "loc": {
                    "start": { "line": 203, "column": 63 },
                    "end": { "line": 203, "column": 69 }
                }
            },
            "41": {
                "name": "(anonymous_47)",
                "decl": {
                    "start": { "line": 209, "column": 35 },
                    "end": { "line": 209, "column": 36 }
                },
                "loc": {
                    "start": { "line": 209, "column": 47 },
                    "end": { "line": 209, "column": 53 }
                }
            },
            "42": {
                "name": "(anonymous_48)",
                "decl": {
                    "start": { "line": 214, "column": 36 },
                    "end": { "line": 214, "column": 37 }
                },
                "loc": {
                    "start": { "line": 214, "column": 52 },
                    "end": { "line": 214, "column": 58 }
                }
            },
            "43": {
                "name": "(anonymous_49)",
                "decl": {
                    "start": { "line": 219, "column": 39 },
                    "end": { "line": 219, "column": 40 }
                },
                "loc": {
                    "start": { "line": 219, "column": 55 },
                    "end": { "line": 219, "column": 61 }
                }
            },
            "44": {
                "name": "(anonymous_50)",
                "decl": {
                    "start": { "line": 224, "column": 39 },
                    "end": { "line": 224, "column": 40 }
                },
                "loc": {
                    "start": { "line": 224, "column": 51 },
                    "end": { "line": 224, "column": 57 }
                }
            },
            "45": {
                "name": "(anonymous_51)",
                "decl": {
                    "start": { "line": 229, "column": 30 },
                    "end": { "line": 229, "column": 31 }
                },
                "loc": {
                    "start": { "line": 229, "column": 46 },
                    "end": { "line": 229, "column": 52 }
                }
            },
            "46": {
                "name": "(anonymous_52)",
                "decl": {
                    "start": { "line": 234, "column": 33 },
                    "end": { "line": 234, "column": 34 }
                },
                "loc": {
                    "start": { "line": 234, "column": 61 },
                    "end": { "line": 234, "column": 67 }
                }
            },
            "47": {
                "name": "(anonymous_53)",
                "decl": {
                    "start": { "line": 240, "column": 33 },
                    "end": { "line": 240, "column": 34 }
                },
                "loc": {
                    "start": { "line": 240, "column": 45 },
                    "end": { "line": 240, "column": 51 }
                }
            }
        },
        "branchMap": {},
        "s": {
            "0": 1,
            "1": 1,
            "2": 0,
            "3": 1,
            "4": 0,
            "5": 1,
            "6": 0,
            "7": 1,
            "8": 0,
            "9": 1,
            "10": 0,
            "11": 1,
            "12": 0,
            "13": 1,
            "14": 0,
            "15": 1,
            "16": 1,
            "17": 1,
            "18": 0,
            "19": 1,
            "20": 0,
            "21": 1,
            "22": 0,
            "23": 1,
            "24": 0,
            "25": 1,
            "26": 0,
            "27": 1,
            "28": 0,
            "29": 1,
            "30": 0,
            "31": 1,
            "32": 0,
            "33": 1,
            "34": 1,
            "35": 1,
            "36": 1,
            "37": 1,
            "38": 0,
            "39": 1,
            "40": 0,
            "41": 1,
            "42": 0,
            "43": 1,
            "44": 0,
            "45": 1,
            "46": 0,
            "47": 1,
            "48": 0,
            "49": 1,
            "50": 0,
            "51": 1,
            "52": 0,
            "53": 1,
            "54": 0,
            "55": 1,
            "56": 0,
            "57": 1,
            "58": 0,
            "59": 1,
            "60": 0,
            "61": 1,
            "62": 0,
            "63": 1,
            "64": 0,
            "65": 1,
            "66": 0,
            "67": 1,
            "68": 0,
            "69": 1,
            "70": 0,
            "71": 1,
            "72": 0,
            "73": 1,
            "74": 0,
            "75": 1,
            "76": 0,
            "77": 1,
            "78": 0,
            "79": 1,
            "80": 0,
            "81": 1,
            "82": 0,
            "83": 1,
            "84": 0,
            "85": 1,
            "86": 0,
            "87": 1,
            "88": 0,
            "89": 1,
            "90": 0,
            "91": 1,
            "92": 0,
            "93": 1,
            "94": 0,
            "95": 1,
            "96": 0
        },
        "f": {
            "0": 0,
            "1": 0,
            "2": 0,
            "3": 0,
            "4": 0,
            "5": 0,
            "6": 0,
            "7": 1,
            "8": 0,
            "9": 0,
            "10": 0,
            "11": 0,
            "12": 0,
            "13": 0,
            "14": 0,
            "15": 0,
            "16": 1,
            "17": 1,
            "18": 0,
            "19": 0,
            "20": 0,
            "21": 0,
            "22": 0,
            "23": 0,
            "24": 0,
            "25": 0,
            "26": 0,
            "27": 0,
            "28": 0,
            "29": 0,
            "30": 0,
            "31": 0,
            "32": 0,
            "33": 0,
            "34": 0,
            "35": 0,
            "36": 0,
            "37": 0,
            "38": 0,
            "39": 0,
            "40": 0,
            "41": 0,
            "42": 0,
            "43": 0,
            "44": 0,
            "45": 0,
            "46": 0,
            "47": 0
        },
        "b": {}
    },
    "/Users/eli/nodework/fullstacktypescript/client/src/common/NavButton.tsx": {
        "path": "/Users/eli/nodework/fullstacktypescript/client/src/common/NavButton.tsx",
        "statementMap": {
            "0": {
                "start": { "line": 2, "column": 0 },
                "end": { "line": 2, "column": 25 }
            },
            "1": {
                "start": { "line": 3, "column": 0 },
                "end": { "line": 3, "column": 38 }
            },
            "2": {
                "start": { "line": 6, "column": 15 },
                "end": { "line": 17, "column": null }
            },
            "3": {
                "start": { "line": 19, "column": 43 },
                "end": { "line": 19, "column": 45 }
            },
            "4": {
                "start": { "line": 19, "column": 53 },
                "end": { "line": 19, "column": 71 }
            },
            "5": {
                "start": { "line": 20, "column": 4 },
                "end": { "line": 24, "column": null }
            },
            "6": {
                "start": { "line": 19, "column": 0 },
                "end": { "line": 19, "column": 24 }
            }
        },
        "fnMap": {
            "0": {
                "name": "NavButton",
                "decl": {
                    "start": { "line": 19, "column": 24 },
                    "end": { "line": 19, "column": 33 }
                },
                "loc": {
                    "start": { "line": 19, "column": 71 },
                    "end": { "line": 25, "column": 1 }
                }
            }
        },
        "branchMap": {
            "0": {
                "loc": {
                    "start": { "line": 6, "column": 28 },
                    "end": { "line": 6, "column": null }
                },
                "type": "binary-expr",
                "locations": [
                    {
                        "start": { "line": 6, "column": 28 },
                        "end": { "line": 6, "column": null }
                    },
                    {
                        "start": { "line": 6, "column": 28 },
                        "end": { "line": 17, "column": null }
                    }
                ]
            }
        },
        "s": { "0": 1, "1": 1, "2": 1, "3": 0, "4": 0, "5": 0, "6": 1 },
        "f": { "0": 0 },
        "b": { "0": [1, 1] }
    },
    "/Users/eli/nodework/fullstacktypescript/client/src/common/OurMenuItem.tsx": {
        "path": "/Users/eli/nodework/fullstacktypescript/client/src/common/OurMenuItem.tsx",
        "statementMap": {
            "0": {
                "start": { "line": 1, "column": 0 },
                "end": { "line": 1, "column": 25 }
            },
            "1": {
                "start": { "line": 2, "column": 0 },
                "end": { "line": 2, "column": 44 }
            },
            "2": {
                "start": { "line": 3, "column": 0 },
                "end": { "line": 3, "column": 38 }
            },
            "3": {
                "start": { "line": 6, "column": 26 },
                "end": { "line": 11, "column": null }
            },
            "4": {
                "start": { "line": 13, "column": 20 },
                "end": { "line": 13, "column": null }
            },
            "5": {
                "start": { "line": 13, "column": 31 },
                "end": { "line": 13, "column": 48 }
            },
            "6": {
                "start": { "line": 13, "column": 53 },
                "end": { "line": 15, "column": null }
            },
            "7": {
                "start": { "line": 17, "column": 0 },
                "end": { "line": 17, "column": null }
            }
        },
        "fnMap": {
            "0": {
                "name": "(anonymous_2)",
                "decl": {
                    "start": { "line": 13, "column": 20 },
                    "end": { "line": 13, "column": 21 }
                },
                "loc": {
                    "start": { "line": 13, "column": 48 },
                    "end": { "line": 13, "column": null }
                }
            }
        },
        "branchMap": {
            "0": {
                "loc": {
                    "start": { "line": 6, "column": 42 },
                    "end": { "line": 6, "column": null }
                },
                "type": "binary-expr",
                "locations": [
                    {
                        "start": { "line": 6, "column": 42 },
                        "end": { "line": 6, "column": null }
                    },
                    {
                        "start": { "line": 6, "column": 42 },
                        "end": { "line": 11, "column": null }
                    }
                ]
            }
        },
        "s": { "0": 1, "1": 1, "2": 1, "3": 1, "4": 1, "5": 0, "6": 0, "7": 1 },
        "f": { "0": 0 },
        "b": { "0": [1, 1] }
    }
}
