TN:
SF:/Users/eli/nodework/fullstacktypescript/client/src/actionTypes/userActionTypes.tsx
FNF:0
FNH:0
DA:1,1
DA:2,1
DA:3,1
DA:5,1
DA:6,1
DA:7,1
DA:9,1
DA:10,1
DA:11,1
DA:13,1
DA:14,1
DA:15,1
DA:17,1
DA:18,1
DA:19,1
DA:21,1
DA:22,1
DA:23,1
DA:25,1
DA:26,1
DA:27,1
DA:29,1
DA:30,1
DA:31,1
DA:33,1
DA:34,1
DA:35,1
DA:37,1
DA:39,1
DA:40,1
DA:41,1
DA:43,1
DA:44,1
DA:45,1
DA:47,1
DA:48,1
DA:49,1
DA:51,1
DA:52,1
DA:53,1
DA:54,1
DA:55,1
DA:57,1
DA:58,1
DA:59,1
DA:61,1
DA:62,1
DA:63,1
DA:65,1
LF:49
LH:49
BRF:0
BRH:0
end_of_record
TN:
SF:/Users/eli/nodework/fullstacktypescript/client/src/actions/userActions.tsx
FN:3,(anonymous_6)
FN:8,(anonymous_7)
FN:13,(anonymous_8)
FN:18,(anonymous_9)
FN:22,(anonymous_10)
FN:26,(anonymous_11)
FN:31,(anonymous_12)
FN:36,(anonymous_13)
FN:42,(anonymous_14)
FN:48,(anonymous_15)
FN:53,(anonymous_16)
FN:57,(anonymous_17)
FN:62,(anonymous_18)
FN:67,(anonymous_19)
FN:72,(anonymous_20)
FN:77,(anonymous_21)
FN:82,(anonymous_22)
FN:88,(anonymous_23)
FN:93,(anonymous_24)
FN:98,(anonymous_25)
FN:102,(anonymous_26)
FN:107,(anonymous_27)
FN:112,(anonymous_28)
FN:116,(anonymous_29)
FN:121,(anonymous_30)
FN:126,(anonymous_31)
FN:131,(anonymous_32)
FN:136,(anonymous_33)
FN:141,(anonymous_34)
FN:146,(anonymous_35)
FN:151,(anonymous_36)
FN:156,(anonymous_37)
FN:161,(anonymous_38)
FN:165,(anonymous_39)
FN:170,(anonymous_40)
FN:175,(anonymous_41)
FN:180,(anonymous_42)
FN:186,(anonymous_43)
FN:192,(anonymous_44)
FN:197,(anonymous_45)
FN:203,(anonymous_46)
FN:209,(anonymous_47)
FN:214,(anonymous_48)
FN:219,(anonymous_49)
FN:224,(anonymous_50)
FN:229,(anonymous_51)
FN:234,(anonymous_52)
FN:240,(anonymous_53)
FNF:48
FNH:3
FNDA:0,(anonymous_6)
FNDA:0,(anonymous_7)
FNDA:0,(anonymous_8)
FNDA:0,(anonymous_9)
FNDA:0,(anonymous_10)
FNDA:0,(anonymous_11)
FNDA:0,(anonymous_12)
FNDA:1,(anonymous_13)
FNDA:0,(anonymous_14)
FNDA:0,(anonymous_15)
FNDA:0,(anonymous_16)
FNDA:0,(anonymous_17)
FNDA:0,(anonymous_18)
FNDA:0,(anonymous_19)
FNDA:0,(anonymous_20)
FNDA:0,(anonymous_21)
FNDA:1,(anonymous_22)
FNDA:1,(anonymous_23)
FNDA:0,(anonymous_24)
FNDA:0,(anonymous_25)
FNDA:0,(anonymous_26)
FNDA:0,(anonymous_27)
FNDA:0,(anonymous_28)
FNDA:0,(anonymous_29)
FNDA:0,(anonymous_30)
FNDA:0,(anonymous_31)
FNDA:0,(anonymous_32)
FNDA:0,(anonymous_33)
FNDA:0,(anonymous_34)
FNDA:0,(anonymous_35)
FNDA:0,(anonymous_36)
FNDA:0,(anonymous_37)
FNDA:0,(anonymous_38)
FNDA:0,(anonymous_39)
FNDA:0,(anonymous_40)
FNDA:0,(anonymous_41)
FNDA:0,(anonymous_42)
FNDA:0,(anonymous_43)
FNDA:0,(anonymous_44)
FNDA:0,(anonymous_45)
FNDA:0,(anonymous_46)
FNDA:0,(anonymous_47)
FNDA:0,(anonymous_48)
FNDA:0,(anonymous_49)
FNDA:0,(anonymous_50)
FNDA:0,(anonymous_51)
FNDA:0,(anonymous_52)
FNDA:0,(anonymous_53)
DA:1,1
DA:3,1
DA:8,1
DA:13,1
DA:18,1
DA:22,1
DA:26,1
DA:31,1
DA:36,1
DA:42,1
DA:48,1
DA:53,1
DA:57,1
DA:62,1
DA:67,1
DA:72,1
DA:77,1
DA:82,1
DA:88,1
DA:93,1
DA:98,1
DA:102,1
DA:107,1
DA:112,1
DA:116,1
DA:121,1
DA:126,1
DA:131,1
DA:136,1
DA:141,1
DA:146,1
DA:151,1
DA:156,1
DA:161,1
DA:165,1
DA:170,1
DA:175,1
DA:180,1
DA:186,1
DA:192,1
DA:197,1
DA:203,1
DA:209,1
DA:214,1
DA:219,1
DA:224,1
DA:229,1
DA:234,1
DA:240,1
LF:49
LH:49
BRF:0
BRH:0
end_of_record
TN:
SF:/Users/eli/nodework/fullstacktypescript/client/src/common/NavButton.tsx
FN:19,NavButton
FNF:1
FNH:0
FNDA:0,NavButton
DA:2,1
DA:3,1
DA:6,1
DA:19,1
DA:20,0
LF:5
LH:4
BRDA:6,0,0,1
BRDA:6,0,1,1
BRF:2
BRH:2
end_of_record
TN:
SF:/Users/eli/nodework/fullstacktypescript/client/src/common/OurMenuItem.tsx
FN:13,(anonymous_2)
FNF:1
FNH:0
FNDA:0,(anonymous_2)
DA:1,1
DA:2,1
DA:3,1
DA:6,1
DA:13,1
DA:17,1
LF:6
LH:6
BRDA:6,0,0,1
BRDA:6,0,1,1
BRF:2
BRH:2
end_of_record
